Not Found: /static/debug_toolbar/css/print.css
Not Found: /static/debug_toolbar/js/utils.js
Not Found: /static/debug_toolbar/css/print.css
Not Found: /static/debug_toolbar/css/print.css
Not Found: /static/debug_toolbar/js/utils.js
Not Found: /static/debug_toolbar/css/print.css
Not Found: /static/debug_toolbar/js/utils.js
Not Found: /static/debug_toolbar/css/print.css
Not Found: /static/debug_toolbar/js/utils.js
Not Found: /static/debug_toolbar/css/print.css
Not Found: /static/debug_toolbar/js/utils.js
Not Found: /static/debug_toolbar/css/print.css
Not Found: /static/debug_toolbar/js/utils.js
Not Found: /static/debug_toolbar/css/print.css
Not Found: /static/debug_toolbar/js/utils.js
Not Found: /static/debug_toolbar/css/print.css
Not Found: /static/debug_toolbar/js/utils.js
Not Found: /static/debug_toolbar/css/print.css
Not Found: /static/debug_toolbar/js/utils.js
Not Found: /static/debug_toolbar/css/print.css
Not Found: /static/debug_toolbar/js/utils.js
Not Found: /static/debug_toolbar/css/toolbar.css
Not Found: /static/debug_toolbar/js/toolbar.js
Not Found: /static/debug_toolbar/css/print.css
Not Found: /static/images/favicon.png
Not Found: /static/debug_toolbar/css/print.css
Not Found: /static/debug_toolbar/css/toolbar.css
Not Found: /static/debug_toolbar/css/toolbar.css
Not Found: /static/debug_toolbar/js/toolbar.js
Not Found: /static/debug_toolbar/css/print.css
Not Found: /static/debug_toolbar/css/toolbar.css
Not Found: /static/debug_toolbar/js/toolbar.js
Not Found: /static/debug_toolbar/css/print.css
